<?xml version="1.0" encoding="UTF-8"?>
<!-- Generated by org.testng.reporters.JUnitReportReporter -->
<testsuite hostname="DESKTOP-03G084C" failures="0" tests="1" name="ExtentReport.exreport" time="0.133" errors="0" timestamp="2023-03-14T01:30:38 IST" skipped="0">
  <testcase classname="ExtentReport.exreport" name="script" time="0.133"/>
  <system-out/>
</testsuite> <!-- ExtentReport.exreport -->
